<?xml version="1.0" encoding="UTF-8"?>
<!-- Generated by org.testng.reporters.JUnitReportReporter -->
<testsuite hostname="ICPL10451" name="pageTests.TestMethod" tests="5" failures="0" timestamp="29 Nov 2016 07:09:38 GMT" time="25.203" errors="0">
  <testcase name="compareEPS" time="0.004" classname="pageTests.TestMethod"/>
  <testcase name="RetrieveCompanyData" time="0.187" classname="pageTests.TestMethod"/>
  <testcase name="SearchCompany" time="9.535" classname="pageTests.TestMethod"/>
  <testcase name="RetrieveCompanyData" time="0.234" classname="pageTests.TestMethod"/>
  <testcase name="SearchCompany" time="15.243" classname="pageTests.TestMethod"/>
</testsuite> <!-- pageTests.TestMethod -->
