<?xml version="1.0" encoding="UTF-8"?>
<!-- Generated by org.testng.reporters.JUnitReportReporter -->
<testsuite hostname="ICPL10451" name="pageTests.TestMethod" tests="5" failures="0" timestamp="30 Nov 2016 10:23:34 GMT" time="45.025" errors="0">
  <testcase name="compareEPS" time="0.001" classname="pageTests.TestMethod"/>
  <testcase name="SearchCompany" time="30.670" classname="pageTests.TestMethod"/>
  <testcase name="SearchCompany" time="14.077" classname="pageTests.TestMethod"/>
  <testcase name="RetrieveCompanyData" time="0.130" classname="pageTests.TestMethod"/>
  <testcase name="RetrieveCompanyData" time="0.147" classname="pageTests.TestMethod"/>
</testsuite> <!-- pageTests.TestMethod -->
