<?xml version="1.0" encoding="UTF-8"?>
<!-- Generated by org.testng.reporters.JUnitReportReporter -->
<testsuite hostname="ICPL10451" name="pageTests.TestMethod" tests="5" failures="0" timestamp="1 Dec 2016 07:05:35 GMT" time="35.005" errors="0">
  <testcase name="SearchCompany" time="13.635" classname="pageTests.TestMethod"/>
  <testcase name="RetrieveCompanyData" time="0.344" classname="pageTests.TestMethod"/>
  <testcase name="SearchCompany" time="20.799" classname="pageTests.TestMethod"/>
  <testcase name="RetrieveCompanyData" time="0.226" classname="pageTests.TestMethod"/>
  <testcase name="compareEPS" time="0.001" classname="pageTests.TestMethod"/>
</testsuite> <!-- pageTests.TestMethod -->
