<?xml version="1.0" encoding="UTF-8"?>
<!-- Generated by org.testng.reporters.JUnitReportReporter -->
<testsuite hostname="ICPL10451" name="pageTests.TestMethod" tests="5" failures="0" timestamp="1 Dec 2016 04:50:48 GMT" time="44.613" errors="0">
  <testcase name="SearchCompany" time="14.403" classname="pageTests.TestMethod"/>
  <testcase name="SearchCompany" time="29.647" classname="pageTests.TestMethod"/>
  <testcase name="compareEPS" time="0.001" classname="pageTests.TestMethod"/>
  <testcase name="RetrieveCompanyData" time="0.367" classname="pageTests.TestMethod"/>
  <testcase name="RetrieveCompanyData" time="0.195" classname="pageTests.TestMethod"/>
</testsuite> <!-- pageTests.TestMethod -->
